Determining if the pthread_create exist failed with the following output:
Change Dir: /home/tjalling/Desktop/Robot/ros/master_rpi/build/CMakeFiles/CMakeTmp

Run Build Command:/usr/bin/make "cmTryCompileExec2958308399/fast"
/usr/bin/make -f CMakeFiles/cmTryCompileExec2958308399.dir/build.make CMakeFiles/cmTryCompileExec2958308399.dir/build
make[1]: Entering directory `/home/tjalling/Desktop/Robot/ros/master_rpi/build/CMakeFiles/CMakeTmp'
/usr/bin/cmake -E cmake_progress_report /home/tjalling/Desktop/Robot/ros/master_rpi/build/CMakeFiles/CMakeTmp/CMakeFiles 1
Building C object CMakeFiles/cmTryCompileExec2958308399.dir/CheckSymbolExists.c.o
/usr/bin/cc    -o CMakeFiles/cmTryCompileExec2958308399.dir/CheckSymbolExists.c.o   -c /home/tjalling/Desktop/Robot/ros/master_rpi/build/CMakeFiles/CMakeTmp/CheckSymbolExists.c
Linking C executable cmTryCompileExec2958308399
/usr/bin/cmake -E cmake_link_script CMakeFiles/cmTryCompileExec2958308399.dir/link.txt --verbose=1
/usr/bin/cc       CMakeFiles/cmTryCompileExec2958308399.dir/CheckSymbolExists.c.o  -o cmTryCompileExec2958308399 -rdynamic 
CMakeFiles/cmTryCompileExec2958308399.dir/CheckSymbolExists.c.o: In function `main':
CheckSymbolExists.c:(.text+0x16): undefined reference to `pthread_create'
collect2: error: ld returned 1 exit status
make[1]: *** [cmTryCompileExec2958308399] Error 1
make[1]: Leaving directory `/home/tjalling/Desktop/Robot/ros/master_rpi/build/CMakeFiles/CMakeTmp'
make: *** [cmTryCompileExec2958308399/fast] Error 2

File /home/tjalling/Desktop/Robot/ros/master_rpi/build/CMakeFiles/CMakeTmp/CheckSymbolExists.c:
/* */
#include <pthread.h>

int main(int argc, char** argv)
{
  (void)argv;
#ifndef pthread_create
  return ((int*)(&pthread_create))[argc];
#else
  (void)argc;
  return 0;
#endif
}

Determining if the function pthread_create exists in the pthreads failed with the following output:
Change Dir: /home/tjalling/Desktop/Robot/ros/master_rpi/build/CMakeFiles/CMakeTmp

Run Build Command:/usr/bin/make "cmTryCompileExec764140101/fast"
/usr/bin/make -f CMakeFiles/cmTryCompileExec764140101.dir/build.make CMakeFiles/cmTryCompileExec764140101.dir/build
make[1]: Entering directory `/home/tjalling/Desktop/Robot/ros/master_rpi/build/CMakeFiles/CMakeTmp'
/usr/bin/cmake -E cmake_progress_report /home/tjalling/Desktop/Robot/ros/master_rpi/build/CMakeFiles/CMakeTmp/CMakeFiles 1
Building C object CMakeFiles/cmTryCompileExec764140101.dir/CheckFunctionExists.c.o
/usr/bin/cc   -DCHECK_FUNCTION_EXISTS=pthread_create   -o CMakeFiles/cmTryCompileExec764140101.dir/CheckFunctionExists.c.o   -c /usr/share/cmake-2.8/Modules/CheckFunctionExists.c
Linking C executable cmTryCompileExec764140101
/usr/bin/cmake -E cmake_link_script CMakeFiles/cmTryCompileExec764140101.dir/link.txt --verbose=1
/usr/bin/cc   -DCHECK_FUNCTION_EXISTS=pthread_create    CMakeFiles/cmTryCompileExec764140101.dir/CheckFunctionExists.c.o  -o cmTryCompileExec764140101 -rdynamic -lpthreads 
/usr/bin/ld: cannot find -lpthreads
collect2: error: ld returned 1 exit status
make[1]: Leaving directory `/home/tjalling/Desktop/Robot/ros/master_rpi/build/CMakeFiles/CMakeTmp'
make[1]: *** [cmTryCompileExec764140101] Error 1
make: *** [cmTryCompileExec764140101/fast] Error 2


